11:09:49.456 [main] DEBUG api.test.UserTests - debugging.....
11:09:49.486 [main] INFO  api.test.UserTests - ********** Creating user  ***************
11:09:53.490 [main] INFO  api.test.UserTests - **********User is creatged  ***************
11:09:53.513 [main] INFO  api.test.UserTests - ********** Reading User Info ***************
11:09:54.899 [main] INFO  api.test.UserTests - **********User info  is displayed ***************
11:09:54.905 [main] INFO  api.test.UserTests - ********** Updating User ***************
11:09:56.265 [main] INFO  api.test.UserTests - ********** User updated ***************
11:09:57.660 [main] INFO  api.test.UserTests - **********   Deleting User  ***************
11:09:58.955 [main] INFO  api.test.UserTests - ********** User deleted ***************
11:59:06.197 [main] DEBUG api.test.UserTests - debugging.....
11:59:06.229 [main] INFO  api.test.UserTests - ********** Creating user  ***************
11:59:10.390 [main] INFO  api.test.UserTests - **********User is creatged  ***************
11:59:10.416 [main] INFO  api.test.UserTests - ********** Reading User Info ***************
11:59:12.120 [main] INFO  api.test.UserTests - **********User info  is displayed ***************
11:59:12.129 [main] INFO  api.test.UserTests - ********** Updating User ***************
11:59:13.757 [main] INFO  api.test.UserTests - ********** User updated ***************
11:59:15.400 [main] INFO  api.test.UserTests - **********   Deleting User  ***************
11:59:17.033 [main] INFO  api.test.UserTests - ********** User deleted ***************
12:03:52.380 [main] DEBUG api.test.UserTests - debugging.....
12:03:52.411 [main] INFO  api.test.UserTests - ********** Creating user  ***************
12:03:56.177 [main] INFO  api.test.UserTests - **********User is creatged  ***************
12:03:56.196 [main] INFO  api.test.UserTests - ********** Reading User Info ***************
12:03:57.497 [main] INFO  api.test.UserTests - **********User info  is displayed ***************
12:03:57.506 [main] INFO  api.test.UserTests - ********** Updating User ***************
12:03:58.773 [main] INFO  api.test.UserTests - ********** User updated ***************
12:04:00.098 [main] INFO  api.test.UserTests - **********   Deleting User  ***************
12:04:01.439 [main] INFO  api.test.UserTests - ********** User deleted ***************
04:52:21.825 [main] DEBUG api.test.UserTests - debugging.....
04:52:21.846 [main] INFO  api.test.UserTests - ********** Creating user  ***************
04:52:26.496 [main] INFO  api.test.UserTests - **********User is creatged  ***************
04:52:26.504 [main] INFO  api.test.UserTests - ********** Reading User Info ***************
04:52:28.115 [main] INFO  api.test.UserTests - **********User info  is displayed ***************
04:52:28.119 [main] INFO  api.test.UserTests - ********** Updating User ***************
04:52:29.751 [main] INFO  api.test.UserTests - ********** User updated ***************
04:52:31.495 [main] INFO  api.test.UserTests - **********   Deleting User  ***************
04:52:33.128 [main] INFO  api.test.UserTests - ********** User deleted ***************
06:19:09.978 [main] DEBUG api.test.UserTests - debugging.....
06:19:09.995 [main] INFO  api.test.UserTests - ********** Creating user  ***************
06:19:13.544 [main] INFO  api.test.UserTests - **********User is creatged  ***************
06:19:13.546 [main] INFO  api.test.UserTests - ********** Reading User Info ***************
06:19:14.937 [main] INFO  api.test.UserTests - **********User info  is displayed ***************
06:19:14.937 [main] INFO  api.test.UserTests - ********** Updating User ***************
06:19:16.289 [main] INFO  api.test.UserTests - ********** User updated ***************
06:19:17.594 [main] INFO  api.test.UserTests - **********   Deleting User  ***************
06:19:18.921 [main] INFO  api.test.UserTests - ********** User deleted ***************
